Determining if the pthread_create exist failed with the following output:
Change Dir: /home/jongsik/modu_ws/src/dvl_slam_modify/cmake-build-debug/CMakeFiles/CMakeTmp

Run Build Command(s):/usr/bin/make cmTC_d5c0e/fast 
/usr/bin/make -f CMakeFiles/cmTC_d5c0e.dir/build.make CMakeFiles/cmTC_d5c0e.dir/build
make[1]: Entering directory '/home/jongsik/modu_ws/src/dvl_slam_modify/cmake-build-debug/CMakeFiles/CMakeTmp'
Building C object CMakeFiles/cmTC_d5c0e.dir/CheckSymbolExists.c.o
/usr/bin/cc    -o CMakeFiles/cmTC_d5c0e.dir/CheckSymbolExists.c.o   -c /home/jongsik/modu_ws/src/dvl_slam_modify/cmake-build-debug/CMakeFiles/CMakeTmp/CheckSymbolExists.c
Linking C executable cmTC_d5c0e
/opt/clion-2019.2.1/bin/cmake/linux/bin/cmake -E cmake_link_script CMakeFiles/cmTC_d5c0e.dir/link.txt --verbose=1
/usr/bin/cc      -rdynamic CMakeFiles/cmTC_d5c0e.dir/CheckSymbolExists.c.o  -o cmTC_d5c0e 
CMakeFiles/cmTC_d5c0e.dir/CheckSymbolExists.c.o: In function `main':
CheckSymbolExists.c:(.text+0x16): undefined reference to `pthread_create'
collect2: error: ld returned 1 exit status
CMakeFiles/cmTC_d5c0e.dir/build.make:86: recipe for target 'cmTC_d5c0e' failed
make[1]: *** [cmTC_d5c0e] Error 1
make[1]: Leaving directory '/home/jongsik/modu_ws/src/dvl_slam_modify/cmake-build-debug/CMakeFiles/CMakeTmp'
Makefile:121: recipe for target 'cmTC_d5c0e/fast' failed
make: *** [cmTC_d5c0e/fast] Error 2

File /home/jongsik/modu_ws/src/dvl_slam_modify/cmake-build-debug/CMakeFiles/CMakeTmp/CheckSymbolExists.c:
/* */
#include <pthread.h>

int main(int argc, char** argv)
{
  (void)argv;
#ifndef pthread_create
  return ((int*)(&pthread_create))[argc];
#else
  (void)argc;
  return 0;
#endif
}

Determining if the function pthread_create exists in the pthreads failed with the following output:
Change Dir: /home/jongsik/modu_ws/src/dvl_slam_modify/cmake-build-debug/CMakeFiles/CMakeTmp

Run Build Command(s):/usr/bin/make cmTC_d99a2/fast 
/usr/bin/make -f CMakeFiles/cmTC_d99a2.dir/build.make CMakeFiles/cmTC_d99a2.dir/build
make[1]: Entering directory '/home/jongsik/modu_ws/src/dvl_slam_modify/cmake-build-debug/CMakeFiles/CMakeTmp'
Building C object CMakeFiles/cmTC_d99a2.dir/CheckFunctionExists.c.o
/usr/bin/cc   -DCHECK_FUNCTION_EXISTS=pthread_create   -o CMakeFiles/cmTC_d99a2.dir/CheckFunctionExists.c.o   -c /opt/clion-2019.2.1/bin/cmake/linux/share/cmake-3.14/Modules/CheckFunctionExists.c
Linking C executable cmTC_d99a2
/opt/clion-2019.2.1/bin/cmake/linux/bin/cmake -E cmake_link_script CMakeFiles/cmTC_d99a2.dir/link.txt --verbose=1
/usr/bin/cc  -DCHECK_FUNCTION_EXISTS=pthread_create    -rdynamic CMakeFiles/cmTC_d99a2.dir/CheckFunctionExists.c.o  -o cmTC_d99a2 -lpthreads 
/usr/bin/x86_64-linux-gnu-ld: cannot find -lpthreads
collect2: error: ld returned 1 exit status
CMakeFiles/cmTC_d99a2.dir/build.make:86: recipe for target 'cmTC_d99a2' failed
make[1]: *** [cmTC_d99a2] Error 1
make[1]: Leaving directory '/home/jongsik/modu_ws/src/dvl_slam_modify/cmake-build-debug/CMakeFiles/CMakeTmp'
Makefile:121: recipe for target 'cmTC_d99a2/fast' failed
make: *** [cmTC_d99a2/fast] Error 2


